<?xml version="1.0" encoding="UTF-8"?>
<testng-results ignored="0" total="1" passed="1" failed="0" skipped="0">
  <reporter-output>
  </reporter-output>
  <suite started-at="2023-08-21T10:53:38 IST" name="Default suite" finished-at="2023-08-21T10:53:44 IST" duration-ms="5802">
    <groups>
    </groups>
    <test started-at="2023-08-21T10:53:38 IST" name="Default test" finished-at="2023-08-21T10:53:44 IST" duration-ms="5802">
      <class name="interviewQuestions.WriteResponseInJsonFile">
        <test-method signature="writeInFile()[pri:0, instance:interviewQuestions.WriteResponseInJsonFile@35ef1869]" started-at="2023-08-21T10:53:38 IST" name="writeInFile" finished-at="2023-08-21T10:53:44 IST" duration-ms="5684" status="PASS">
          <reporter-output>
          </reporter-output>
        </test-method> <!-- writeInFile -->
      </class> <!-- interviewQuestions.WriteResponseInJsonFile -->
    </test> <!-- Default test -->
  </suite> <!-- Default suite -->
</testng-results>
